\BOOKMARK [1][-]{section.1}{Instalaci\363n de IDE para editar y compilar C++}{}% 1
\BOOKMARK [2][-]{subsection.1.1}{Code::Blocks [Windows]}{section.1}% 2
\BOOKMARK [2][-]{subsection.1.2}{Repl.it [P\341gina web]}{section.1}% 3
\BOOKMARK [2][-]{subsection.1.3}{Visual Studio Community [Windows y Mac]}{section.1}% 4
\BOOKMARK [2][-]{subsection.1.4}{Visual Studio Code + Terminal [Mac y Linux]}{section.1}% 5
\BOOKMARK [1][-]{section.2}{\277Mi primer programa?}{}% 6
\BOOKMARK [2][-]{subsection.2.1}{Donde empezar}{section.2}% 7
\BOOKMARK [2][-]{subsection.2.2}{Comentarios}{section.2}% 8
\BOOKMARK [1][-]{section.3}{Leyendo y escribiendo}{}% 9
\BOOKMARK [1][-]{section.4}{Operaciones b\341sicas}{}% 10
\BOOKMARK [2][-]{subsection.4.1}{Suma, resta, multiplicaci\363n, divisi\363n}{section.4}% 11
\BOOKMARK [2][-]{subsection.4.2}{Modulaci\363n}{section.4}% 12
\BOOKMARK [1][-]{section.5}{Tipos de datos}{}% 13
\BOOKMARK [2][-]{subsection.5.1}{N\372mericos}{section.5}% 14
\BOOKMARK [2][-]{subsection.5.2}{Signed y unsigned}{section.5}% 15
\BOOKMARK [2][-]{subsection.5.3}{Caracteres y cadenas}{section.5}% 16
\BOOKMARK [2][-]{subsection.5.4}{Booleanos}{section.5}% 17
\BOOKMARK [2][-]{subsection.5.5}{Arreglos}{section.5}% 18
\BOOKMARK [1][-]{section.6}{Funciones}{}% 19
\BOOKMARK [1][-]{section.7}{Flujo de datos}{}% 20
\BOOKMARK [2][-]{subsection.7.1}{Condicional if}{section.7}% 21
\BOOKMARK [2][-]{subsection.7.2}{Condiciones}{section.7}% 22
\BOOKMARK [2][-]{subsection.7.3}{Ciclo for}{section.7}% 23
\BOOKMARK [2][-]{subsection.7.4}{Ciclo while}{section.7}% 24
\BOOKMARK [2][-]{subsection.7.5}{Break}{section.7}% 25
\BOOKMARK [2][-]{subsection.7.6}{Continue}{section.7}% 26
\BOOKMARK [1][-]{section.8}{Errores comunes}{}% 27
\BOOKMARK [2][-]{subsection.8.1}{Falta de inicializaci\363n}{section.8}% 28
\BOOKMARK [2][-]{subsection.8.2}{Ciclos con otras variables}{section.8}% 29
\BOOKMARK [2][-]{subsection.8.3}{Error por uno}{section.8}% 30
\BOOKMARK [2][-]{subsection.8.4}{Segmentation fault}{section.8}% 31
\BOOKMARK [2][-]{subsection.8.5}{Sobreflujos}{section.8}% 32
\BOOKMARK [2][-]{subsection.8.6}{Errores de redondeo}{section.8}% 33
\BOOKMARK [2][-]{subsection.8.7}{Faltas de memoria}{section.8}% 34
\BOOKMARK [1][-]{section.9}{Otros materiales}{}% 35
\BOOKMARK [2][-]{subsection.9.1}{TutorialsPoint [Ingl\351s]}{section.9}% 36
\BOOKMARK [2][-]{subsection.9.2}{HackerRank [Ingl\351s]}{section.9}% 37
\BOOKMARK [2][-]{subsection.9.3}{CPlusPlus [Ingl\351s]}{section.9}% 38
