This is pdfTeX, Version 3.14159265-2.6-1.40.20 (TeX Live 2019/Arch Linux) (preloaded format=pdflatex 2019.7.11)  14 JUL 2019 13:21
entering extended mode
 restricted \write18 enabled.
 file:line:error style messages enabled.
 %&-line parsing enabled.
**/home/james/Documents/Lions/TorneoLions2019/Manuales/Completo/manual.tex
(/home/james/Documents/Lions/TorneoLions2019/Manuales/Completo/manual.tex
LaTeX2e <2018-12-01>
(/usr/share/texmf-dist/tex/latex/base/article.cls
Document Class: article 2018/09/03 v1.4i Standard LaTeX document class
(/usr/share/texmf-dist/tex/latex/base/size10.clo
File: size10.clo 2018/09/03 v1.4i Standard LaTeX file (size option)
)
\c@part=\count80
\c@section=\count81
\c@subsection=\count82
\c@subsubsection=\count83
\c@paragraph=\count84
\c@subparagraph=\count85
\c@figure=\count86
\c@table=\count87
\abovecaptionskip=\skip41
\belowcaptionskip=\skip42
\bibindent=\dimen102
) (/usr/share/texmf-dist/tex/latex/base/inputenc.sty
Package: inputenc 2018/08/11 v1.3c Input encoding file
\inpenc@prehook=\toks14
\inpenc@posthook=\toks15
) (/usr/share/texmf-dist/tex/generic/babel/babel.sty
Package: babel 2019/04/03 3.29 The Babel package
 (/usr/share/texmf-dist/tex/generic/babel/switch.def
File: switch.def 2019/04/03 3.29 Babel switching mechanism
) (/usr/share/texmf-dist/tex/generic/babel-english/english.ldf
Language: english 2017/06/06 v3.3r English support from the babel system
 (/usr/share/texmf-dist/tex/generic/babel/babel.def
File: babel.def 2019/04/03 3.29 Babel common definitions
\babel@savecnt=\count88
\U@D=\dimen103
 (/usr/share/texmf-dist/tex/generic/babel/txtbabel.def)
\bbl@dirlevel=\count89
)
\l@canadian = a dialect from \language\l@american 
\l@australian = a dialect from \language\l@british 
\l@newzealand = a dialect from \language\l@british 
)) (/usr/share/texmf-dist/tex/latex/graphics/graphicx.sty
Package: graphicx 2017/06/01 v1.1a Enhanced LaTeX Graphics (DPC,SPQR)
 (/usr/share/texmf-dist/tex/latex/graphics/keyval.sty
Package: keyval 2014/10/28 v1.15 key=value parser (DPC)
\KV@toks@=\toks16
) (/usr/share/texmf-dist/tex/latex/graphics/graphics.sty
Package: graphics 2017/06/25 v1.2c Standard LaTeX Graphics (DPC,SPQR)
 (/usr/share/texmf-dist/tex/latex/graphics/trig.sty
Package: trig 2016/01/03 v1.10 sin cos tan (DPC)
) (/usr/share/texmf-dist/tex/latex/graphics-cfg/graphics.cfg
File: graphics.cfg 2016/06/04 v1.11 sample graphics configuration
)
Package graphics Info: Driver file: pdftex.def on input line 99.
 (/usr/share/texmf-dist/tex/latex/graphics-def/pdftex.def
File: pdftex.def 2018/01/08 v1.0l Graphics/color driver for pdftex
))
\Gin@req@height=\dimen104
\Gin@req@width=\dimen105
) (/usr/share/texmf-dist/tex/latex/float/float.sty
Package: float 2001/11/08 v1.3d Float enhancements (AL)
\c@float@type=\count90
\float@exts=\toks17
\float@box=\box27
\@float@everytoks=\toks18
\@floatcapt=\box28
) (/usr/share/texmf-dist/tex/latex/listings/listings.sty
\lst@mode=\count91
\lst@gtempboxa=\box29
\lst@token=\toks19
\lst@length=\count92
\lst@currlwidth=\dimen106
\lst@column=\count93
\lst@pos=\count94
\lst@lostspace=\dimen107
\lst@width=\dimen108
\lst@newlines=\count95
\lst@lineno=\count96
\lst@maxwidth=\dimen109
 (/usr/share/texmf-dist/tex/latex/listings/lstmisc.sty
File: lstmisc.sty 2019/02/27 1.8b (Carsten Heinz)
\c@lstnumber=\count97
\lst@skipnumbers=\count98
\lst@framebox=\box30
) (/usr/share/texmf-dist/tex/latex/listings/listings.cfg
File: listings.cfg 2019/02/27 1.8b listings configuration
))
Package: listings 2019/02/27 1.8b (Carsten Heinz)
 (/usr/share/texmf-dist/tex/latex/hyperref/hyperref.sty
Package: hyperref 2018/11/30 v6.88e Hypertext links for LaTeX
 (/usr/share/texmf-dist/tex/generic/oberdiek/hobsub-hyperref.sty
Package: hobsub-hyperref 2016/05/16 v1.14 Bundle oberdiek, subset hyperref (HO)
 (/usr/share/texmf-dist/tex/generic/oberdiek/hobsub-generic.sty
Package: hobsub-generic 2016/05/16 v1.14 Bundle oberdiek, subset generic (HO)
Package: hobsub 2016/05/16 v1.14 Construct package bundles (HO)
Package: infwarerr 2016/05/16 v1.4 Providing info/warning/error messages (HO)
Package: ltxcmds 2016/05/16 v1.23 LaTeX kernel commands for general use (HO)
Package: ifluatex 2016/05/16 v1.4 Provides the ifluatex switch (HO)
Package ifluatex Info: LuaTeX not detected.
Package: ifvtex 2016/05/16 v1.6 Detect VTeX and its facilities (HO)
Package ifvtex Info: VTeX not detected.
Package: intcalc 2016/05/16 v1.2 Expandable calculations with integers (HO)
Package: ifpdf 2018/09/07 v3.3 Provides the ifpdf switch
Package: etexcmds 2016/05/16 v1.6 Avoid name clashes with e-TeX commands (HO)
Package: kvsetkeys 2016/05/16 v1.17 Key value parser (HO)
Package: kvdefinekeys 2016/05/16 v1.4 Define keys (HO)
Package: pdftexcmds 2018/09/10 v0.29 Utility functions of pdfTeX for LuaTeX (HO)
Package pdftexcmds Info: LuaTeX not detected.
Package pdftexcmds Info: \pdf@primitive is available.
Package pdftexcmds Info: \pdf@ifprimitive is available.
Package pdftexcmds Info: \pdfdraftmode found.
Package: pdfescape 2016/05/16 v1.14 Implements pdfTeX's escape features (HO)
Package: bigintcalc 2016/05/16 v1.4 Expandable calculations on big integers (HO)
Package: bitset 2016/05/16 v1.2 Handle bit-vector datatype (HO)
Package: uniquecounter 2016/05/16 v1.3 Provide unlimited unique counter (HO)
)
Package hobsub Info: Skipping package `hobsub' (already loaded).
Package: letltxmacro 2016/05/16 v1.5 Let assignment for LaTeX macros (HO)
Package: hopatch 2016/05/16 v1.3 Wrapper for package hooks (HO)
Package: xcolor-patch 2016/05/16 xcolor patch
Package: atveryend 2016/05/16 v1.9 Hooks at the very end of document (HO)
Package atveryend Info: \enddocument detected (standard20110627).
Package: atbegshi 2016/06/09 v1.18 At begin shipout hook (HO)
Package: refcount 2016/05/16 v3.5 Data extraction from label references (HO)
Package: hycolor 2016/05/16 v1.8 Color options for hyperref/bookmark (HO)
) (/usr/share/texmf-dist/tex/generic/ifxetex/ifxetex.sty
Package: ifxetex 2010/09/12 v0.6 Provides ifxetex conditional
) (/usr/share/texmf-dist/tex/latex/oberdiek/auxhook.sty
Package: auxhook 2016/05/16 v1.4 Hooks for auxiliary files (HO)
) (/usr/share/texmf-dist/tex/latex/oberdiek/kvoptions.sty
Package: kvoptions 2016/05/16 v3.12 Key value format for package options (HO)
)
\@linkdim=\dimen110
\Hy@linkcounter=\count99
\Hy@pagecounter=\count100
 (/usr/share/texmf-dist/tex/latex/hyperref/pd1enc.def
File: pd1enc.def 2018/11/30 v6.88e Hyperref: PDFDocEncoding definition (HO)
Now handling font encoding PD1 ...
... no UTF-8 mapping file for font encoding PD1
)
\Hy@SavedSpaceFactor=\count101
 (/usr/share/texmf-dist/tex/latex/latexconfig/hyperref.cfg
File: hyperref.cfg 2002/06/06 v1.2 hyperref configuration of TeXLive
)
Package hyperref Info: Hyper figures OFF on input line 4519.
Package hyperref Info: Link nesting OFF on input line 4524.
Package hyperref Info: Hyper index ON on input line 4527.
Package hyperref Info: Plain pages OFF on input line 4534.
Package hyperref Info: Backreferencing OFF on input line 4539.
Package hyperref Info: Implicit mode ON; LaTeX internals redefined.
Package hyperref Info: Bookmarks ON on input line 4772.
\c@Hy@tempcnt=\count102
 (/usr/share/texmf-dist/tex/latex/url/url.sty
\Urlmuskip=\muskip10
Package: url 2013/09/16  ver 3.4  Verb mode for urls, etc.
)
LaTeX Info: Redefining \url on input line 5125.
\XeTeXLinkMargin=\dimen111
\Fld@menulength=\count103
\Field@Width=\dimen112
\Fld@charsize=\dimen113
Package hyperref Info: Hyper figures OFF on input line 6380.
Package hyperref Info: Link nesting OFF on input line 6385.
Package hyperref Info: Hyper index ON on input line 6388.
Package hyperref Info: backreferencing OFF on input line 6395.
Package hyperref Info: Link coloring OFF on input line 6400.
Package hyperref Info: Link coloring with OCG OFF on input line 6405.
Package hyperref Info: PDF/A mode OFF on input line 6410.
LaTeX Info: Redefining \ref on input line 6450.
LaTeX Info: Redefining \pageref on input line 6454.
\Hy@abspage=\count104
\c@Item=\count105
\c@Hfootnote=\count106
)
Package hyperref Info: Driver (autodetected): hpdftex.
 (/usr/share/texmf-dist/tex/latex/hyperref/hpdftex.def
File: hpdftex.def 2018/11/30 v6.88e Hyperref driver for pdfTeX
\Fld@listcount=\count107
\c@bookmark@seq@number=\count108
 (/usr/share/texmf-dist/tex/latex/oberdiek/rerunfilecheck.sty
Package: rerunfilecheck 2016/05/16 v1.8 Rerun checks for auxiliary files (HO)
Package uniquecounter Info: New unique counter `rerunfilecheck' on input line 282.
)
\Hy@SectionHShift=\skip43
) (/usr/share/texmf-dist/tex/latex/amsmath/amsmath.sty
Package: amsmath 2018/12/01 v2.17b AMS math features
\@mathmargin=\skip44

For additional information on amsmath, use the `?' option.
(/usr/share/texmf-dist/tex/latex/amsmath/amstext.sty
Package: amstext 2000/06/29 v2.01 AMS text
 (/usr/share/texmf-dist/tex/latex/amsmath/amsgen.sty
File: amsgen.sty 1999/11/30 v2.0 generic functions
\@emptytoks=\toks20
\ex@=\dimen114
)) (/usr/share/texmf-dist/tex/latex/amsmath/amsbsy.sty
Package: amsbsy 1999/11/29 v1.2d Bold Symbols
\pmbraise@=\dimen115
) (/usr/share/texmf-dist/tex/latex/amsmath/amsopn.sty
Package: amsopn 2016/03/08 v2.02 operator names
)
\inf@bad=\count109
LaTeX Info: Redefining \frac on input line 223.
\uproot@=\count110
\leftroot@=\count111
LaTeX Info: Redefining \overline on input line 385.
\classnum@=\count112
\DOTSCASE@=\count113
LaTeX Info: Redefining \ldots on input line 482.
LaTeX Info: Redefining \dots on input line 485.
LaTeX Info: Redefining \cdots on input line 606.
\Mathstrutbox@=\box31
\strutbox@=\box32
\big@size=\dimen116
LaTeX Font Info:    Redeclaring font encoding OML on input line 729.
LaTeX Font Info:    Redeclaring font encoding OMS on input line 730.
\macc@depth=\count114
\c@MaxMatrixCols=\count115
\dotsspace@=\muskip11
\c@parentequation=\count116
\dspbrk@lvl=\count117
\tag@help=\toks21
\row@=\count118
\column@=\count119
\maxfields@=\count120
\andhelp@=\toks22
\eqnshift@=\dimen117
\alignsep@=\dimen118
\tagshift@=\dimen119
\tagwidth@=\dimen120
\totwidth@=\dimen121
\lineht@=\dimen122
\@envbody=\toks23
\multlinegap=\skip45
\multlinetaggap=\skip46
\mathdisplay@stack=\toks24
LaTeX Info: Redefining \[ on input line 2844.
LaTeX Info: Redefining \] on input line 2845.
)
Package hyperref Info: Option `colorlinks' set `true' on input line 14.
 (/home/james/Documents/Lions/TorneoLions2019/Manuales/Completo/manual.aux)
\openout1 = `manual.aux'.

LaTeX Font Info:    Checking defaults for OML/cmm/m/it on input line 21.
LaTeX Font Info:    ... okay on input line 21.
LaTeX Font Info:    Checking defaults for T1/cmr/m/n on input line 21.
LaTeX Font Info:    ... okay on input line 21.
LaTeX Font Info:    Checking defaults for OT1/cmr/m/n on input line 21.
LaTeX Font Info:    ... okay on input line 21.
LaTeX Font Info:    Checking defaults for OMS/cmsy/m/n on input line 21.
LaTeX Font Info:    ... okay on input line 21.
LaTeX Font Info:    Checking defaults for OMX/cmex/m/n on input line 21.
LaTeX Font Info:    ... okay on input line 21.
LaTeX Font Info:    Checking defaults for U/cmr/m/n on input line 21.
LaTeX Font Info:    ... okay on input line 21.
LaTeX Font Info:    Checking defaults for PD1/pdf/m/n on input line 21.
LaTeX Font Info:    ... okay on input line 21.
 (/usr/share/texmf-dist/tex/context/base/mkii/supp-pdf.mkii
[Loading MPS to PDF converter (version 2006.09.02).]
\scratchcounter=\count121
\scratchdimen=\dimen123
\scratchbox=\box33
\nofMPsegments=\count122
\nofMParguments=\count123
\everyMPshowfont=\toks25
\MPscratchCnt=\count124
\MPscratchDim=\dimen124
\MPnumerator=\count125
\makeMPintoPDFobject=\count126
\everyMPtoPDFconversion=\toks26
) (/usr/share/texmf-dist/tex/latex/oberdiek/epstopdf-base.sty
Package: epstopdf-base 2016/05/15 v2.6 Base part for package epstopdf
 (/usr/share/texmf-dist/tex/latex/oberdiek/grfext.sty
Package: grfext 2016/05/16 v1.2 Manage graphics extensions (HO)
)
Package epstopdf-base Info: Redefining graphics rule for `.eps' on input line 438.
Package grfext Info: Graphics extension search list:
(grfext)             [.pdf,.png,.jpg,.mps,.jpeg,.jbig2,.jb2,.PDF,.PNG,.JPG,.JPEG,.JBIG2,.JB2,.eps]
(grfext)             \AppendGraphicsExtensions on input line 456.
 (/usr/share/texmf-dist/tex/latex/latexconfig/epstopdf-sys.cfg
File: epstopdf-sys.cfg 2010/07/13 v1.3 Configuration of (r)epstopdf for TeX Live
))
\c@lstlisting=\count127
\AtBeginShipoutBox=\box34
 (/usr/share/texmf-dist/tex/latex/graphics/color.sty
Package: color 2016/07/10 v1.1e Standard LaTeX Color (DPC)
 (/usr/share/texmf-dist/tex/latex/graphics-cfg/color.cfg
File: color.cfg 2016/01/02 v1.6 sample color configuration
)
Package color Info: Driver file: pdftex.def on input line 147.
)
Package hyperref Info: Link coloring ON on input line 21.
 (/usr/share/texmf-dist/tex/latex/hyperref/nameref.sty
Package: nameref 2016/05/21 v2.44 Cross-referencing by name of section
 (/usr/share/texmf-dist/tex/generic/oberdiek/gettitlestring.sty
Package: gettitlestring 2016/05/16 v1.5 Cleanup title references (HO)
)
\c@section@level=\count128
)
LaTeX Info: Redefining \ref on input line 21.
LaTeX Info: Redefining \pageref on input line 21.
LaTeX Info: Redefining \nameref on input line 21.
 (/home/james/Documents/Lions/TorneoLions2019/Manuales/Completo/manual.out) (/home/james/Documents/Lions/TorneoLions2019/Manuales/Completo/manual.out)
\@outlinefile=\write3
\openout3 = `manual.out'.

<newblack.png, id=297, 2982.14125pt x 2994.18625pt>
File: newblack.png Graphic file (type png)
<use newblack.png>
Package pdftex.def Info: newblack.png  used on input line 27.
(pdftex.def)             Requested size: 122.85712pt x 123.31068pt.
 (/home/james/Documents/Lions/TorneoLions2019/Manuales/Completo/manual.toc [1

{/var/lib/texmf/fonts/map/pdftex/updmap/pdftex.map} </home/james/Documents/Lions/TorneoLions2019/Manuales/Completo/newblack.png>] [2])
\tf@toc=\write4
\openout4 = `manual.toc'.


Overfull \hbox (6.53787pt too wide) in paragraph at lines 32--32
[]\OT1/cmr/bx/n/14.4 Instalaci^^Son de IDE para ed-i-tar y com-pi-lar C++ 
 []

<CodeBlocks.png, id=390, 1039.885pt x 674.52pt>
File: CodeBlocks.png Graphic file (type png)
<use CodeBlocks.png>
Package pdftex.def Info: CodeBlocks.png  used on input line 41.
(pdftex.def)             Requested size: 307.14749pt x 199.22868pt.
[3]
Overfull \hbox (9.55617pt too wide) in paragraph at lines 45--46
\OT1/cmr/m/n/10 Repl.it es una p^^Sagina web que te per-mite pro-bar c^^Sodigo desde cualquier plataforma,
 []

<replit.png, id=396, 1370.11874pt x 601.24625pt>
File: replit.png Graphic file (type png)
<use replit.png>
Package pdftex.def Info: replit.png  used on input line 49.
(pdftex.def)             Requested size: 307.14749pt x 134.77914pt.
[4 </home/james/Documents/Lions/TorneoLions2019/Manuales/Completo/CodeBlocks.png (PNG copy)> </home/james/Documents/Lions/TorneoLions2019/Manuales/Completo/replit.png>]
<vscommunity.png, id=405, 1028.34187pt x 578.16pt>
File: vscommunity.png Graphic file (type png)
<use vscommunity.png>
Package pdftex.def Info: vscommunity.png  used on input line 61.
(pdftex.def)             Requested size: 307.14749pt x 172.69064pt.
<vscode.png, id=406, 434.62375pt x 202.7575pt>
File: vscode.png Graphic file (type png)
<use vscode.png>
Package pdftex.def Info: vscode.png  used on input line 73.
(pdftex.def)             Requested size: 307.14749pt x 143.29675pt.
 [5 </home/james/Documents/Lions/TorneoLions2019/Manuales/Completo/vscommunity.png> </home/james/Documents/Lions/TorneoLions2019/Manuales/Completo/vscode.png>] (/usr/share/texmf-dist/tex/latex/listings/lstlang1.sty
File: lstlang1.sty 2019/02/27 1.8b listings language file
) (/usr/share/texmf-dist/tex/latex/listings/lstlang1.sty
File: lstlang1.sty 2019/02/27 1.8b listings language file
) (/usr/share/texmf-dist/tex/latex/listings/lstmisc.sty
File: lstmisc.sty 2019/02/27 1.8b (Carsten Heinz)
)
LaTeX Font Info:    Try loading font information for OML+cmr on input line 91.
 (/usr/share/texmf-dist/tex/latex/base/omlcmr.fd
File: omlcmr.fd 2014/09/29 v2.5h Standard LaTeX font definitions
)
LaTeX Font Info:    Font shape `OML/cmr/m/n' in size <10> not available
(Font)              Font shape `OML/cmm/m/it' tried instead on input line 91.
LaTeX Font Info:    Try loading font information for OMS+cmr on input line 95.
 (/usr/share/texmf-dist/tex/latex/base/omscmr.fd
File: omscmr.fd 2014/09/29 v2.5h Standard LaTeX font definitions
)
LaTeX Font Info:    Font shape `OMS/cmr/m/n' in size <10> not available
(Font)              Font shape `OMS/cmsy/m/n' tried instead on input line 95.
 [6] [7]
Underfull \hbox (badness 10000) in paragraph at lines 168--169

 []

[8]
LaTeX Font Info:    Font shape `OMS/cmr/m/it' in size <10> not available
(Font)              Font shape `OMS/cmsy/m/n' tried instead on input line 240.

Overfull \hbox (69.00421pt too wide) in paragraph at lines 245--246
[][][][][][][][][][][][][][][][][][][][][][][][][][][][][][] 
 []

[9]
Underfull \hbox (badness 10000) in paragraph at lines 278--279

 []

[10] [11]
Overfull \hbox (17.61185pt too wide) in paragraph at lines 324--325
\OT1/cmr/m/n/10 ca-paz de guardar n^^Sumeros muchisimo m^^Sas grandes (desde -9,223,372,036,854,775,808
 []

[12]
Overfull \hbox (2.01901pt too wide) in paragraph at lines 385--386
[]\OT1/cmr/m/n/10 Luego, sigue el nom-bre de la funci^^Son y dos par^^Sentesis. Den-tro de los par^^Sentesis
 []

[13]
Underfull \hbox (badness 10000) in paragraph at lines 424--425

 []

[14]
Underfull \hbox (badness 10000) in paragraph at lines 443--444

 []

[15]
Overfull \hbox (9.0036pt too wide) in paragraph at lines 485--486
[][][][][][][][][][][][][][][][][][][][][][][][][][][][][][] 
 []


Overfull \hbox (9.0036pt too wide) in paragraph at lines 503--504
[][][][][][][][][][][][][][][][][][][][][][][][][][][][][][] 
 []

[16] [17]
Overfull \hbox (27.00378pt too wide) in paragraph at lines 561--562
[][][][][][][][][][][][][][][][][][][][][][][][][][][][][][][][][][][][] 
 []


Overfull \hbox (51.00403pt too wide) in paragraph at lines 564--565
[][][][][][][][][][][][][][][][][][][][][][][][][][][][][][][][][][][][] 
 []


Underfull \hbox (badness 10000) in paragraph at lines 568--569

 []

[18] [19] [20]
Overfull \hbox (39.0039pt too wide) in paragraph at lines 696--697
[][][][][][][][][][][][][][][][][][][][][][][][][][][][][][][][][][][][][][][][][][][][] 
 []


Underfull \hbox (badness 10000) in paragraph at lines 705--706

 []

[21] [22]
Underfull \hbox (badness 10000) in paragraph at lines 768--769

 []


Underfull \hbox (badness 10000) in paragraph at lines 794--795

 []

[23]
Underfull \hbox (badness 10000) in paragraph at lines 825--826

 []

[24]
Underfull \hbox (badness 10000) in paragraph at lines 851--852

 []


Overfull \hbox (141.00494pt too wide) in paragraph at lines 868--869
[][][][][][][][][][][][][][][][][][][][][][][][][][][][][][][][] 
 []

[25]
Overfull \hbox (57.00409pt too wide) in paragraph at lines 875--876
[][][][][][][][][][][][][][][][][][][][][][][][][][][][][][] 
 []


Underfull \hbox (badness 10000) in paragraph at lines 879--880

 []


Underfull \hbox (badness 10000) in paragraph at lines 907--908

 []

[26]
Underfull \hbox (badness 10000) in paragraph at lines 939--940

 []

[27]
Underfull \hbox (badness 10000) in paragraph at lines 965--966

 []

[28]
LaTeX Font Info:    Font shape `OML/cmr/bx/n' in size <10> not available
(Font)              Font shape `OML/cmm/b/it' tried instead on input line 985.
 [29] [30]
Underfull \hbox (badness 10000) in paragraph at lines 1077--1078

 []

[31] [32]
Overfull \hbox (3.00354pt too wide) in paragraph at lines 1159--1160
[][][][][][][][][][][][][][][][][][][][][][][] 
 []


Overfull \hbox (27.00378pt too wide) in paragraph at lines 1165--1166
[][][][][][][][][][][][][][][][][][][][][][][][][][][] 
 []

[33] [34] [35]
Overfull \hbox (93.00446pt too wide) in paragraph at lines 1271--1272
[][][][][][][][][][][][][][][][][][][][][][][][][][][][][] 
 []


Overfull \hbox (117.0047pt too wide) in paragraph at lines 1296--1297
[][][][][][][][][][][][][][][][][][][][][][][][][][][][][] 
 []

[36]
Overfull \hbox (117.0047pt too wide) in paragraph at lines 1323--1324
[][][][][][][][][][][][][][][][][][][][][][][][][][][][][] 
 []

[37] [38]
<nsquared.png, id=1304, 125.9907pt x 125.268pt>
File: nsquared.png Graphic file (type png)
<use nsquared.png>
Package pdftex.def Info: nsquared.png  used on input line 1385.
(pdftex.def)             Requested size: 184.29036pt x 183.24144pt.
 [39 </home/james/Documents/Lions/TorneoLions2019/Manuales/Completo/nsquared.png>] [40]
Overfull \hbox (117.0047pt too wide) in paragraph at lines 1433--1434
[][][][][][][][][][][][][][][][][][][][][][][][][][][][][] 
 []

[41]
Overfull \hbox (117.0047pt too wide) in paragraph at lines 1461--1462
[][][][][][][][][][][][][][][][][][][][][][][][][][][][][] 
 []

<nsquaredn.png, id=1361, 121.1727pt x 118.7637pt>
File: nsquaredn.png Graphic file (type png)
<use nsquaredn.png>
Package pdftex.def Info: nsquaredn.png  used on input line 1479.
(pdftex.def)             Requested size: 184.29036pt x 180.62598pt.
[42 </home/james/Documents/Lions/TorneoLions2019/Manuales/Completo/nsquaredn.png>]
Overfull \hbox (3.41719pt too wide) in paragraph at lines 1498--1499
\OT1/cmr/m/n/10 Esta es la busqueda m^^Sas sen-cilla y com^^Sun y con-siste en tener un ar-reglo cualquiera
 []


Overfull \hbox (45.00397pt too wide) in paragraph at lines 1511--1512
[][][][][][][][][][][][][][][][][][][][][][][][][][][][][][][] 
 []

[43] [44]
<pila.png, id=1410, 170.04706pt x 297.58235pt>
File: pila.png Graphic file (type png)
<use pila.png>
Package pdftex.def Info: pila.png  used on input line 1548.
(pdftex.def)             Requested size: 61.43324pt x 107.50644pt.
 [45 </home/james/Documents/Lions/TorneoLions2019/Manuales/Completo/pila.png>]
Underfull \hbox (badness 10000) in paragraph at lines 1579--1580

 []

<fila.png, id=1420, 170.04706pt x 348.59647pt>
File: fila.png Graphic file (type png)
<use fila.png>
Package pdftex.def Info: fila.png  used on input line 1595.
(pdftex.def)             Requested size: 61.43324pt x 125.93611pt.
[46 </home/james/Documents/Lions/TorneoLions2019/Manuales/Completo/fila.png>]
Underfull \hbox (badness 10000) in paragraph at lines 1622--1623

 []

[47]
<deque.png, id=1462, 170.04706pt x 348.59647pt>
File: deque.png Graphic file (type png)
<use deque.png>
Package pdftex.def Info: deque.png  used on input line 1638.
(pdftex.def)             Requested size: 61.43324pt x 125.93611pt.
 [48 </home/james/Documents/Lions/TorneoLions2019/Manuales/Completo/deque.png>]
Overfull \hbox (3.00354pt too wide) in paragraph at lines 1676--1677
[][][][][][][][][][][][][][][][][][][][][][][][][] 
 []


Overfull \hbox (21.00372pt too wide) in paragraph at lines 1678--1679
[][][][][][][][][][][][][][][][][][][][][][][][][][][] 
 []


Overfull \hbox (69.00421pt too wide) in paragraph at lines 1703--1704
[][][][][][][][][][][][][][][][][][][][][][][][][][] 
 []

[49]
Underfull \hbox (badness 10000) in paragraph at lines 1714--1715

 []

[50] [51]
Overfull \hbox (81.00433pt too wide) in paragraph at lines 1792--1793
[][][][][][][][][][][][][][][][][][][][][][][][][][][][][] 
 []


Underfull \hbox (badness 10000) in paragraph at lines 1813--1814

 []

<permutacion.png, id=1574, 550.52736pt x 260.03029pt>
File: permutacion.png Graphic file (type png)
<use permutacion.png>
Package pdftex.def Info: permutacion.png  used on input line 1819.
(pdftex.def)             Requested size: 184.29036pt x 87.04422pt.
[52 </home/james/Documents/Lions/TorneoLions2019/Manuales/Completo/permutacion.png>] [53]
Underfull \hbox (badness 10000) in paragraph at lines 1869--1870

 []

<mergesort.png, id=1625, 632.71677pt x 576.74294pt>
File: mergesort.png Graphic file (type png)
<use mergesort.png>
Package pdftex.def Info: mergesort.png  used on input line 1879.
(pdftex.def)             Requested size: 245.71425pt x 223.9784pt.
[54] [55 </home/james/Documents/Lions/TorneoLions2019/Manuales/Completo/mergesort.png>]
Overfull \hbox (9.0036pt too wide) in paragraph at lines 1913--1914
[][][][][][][][][][][][][][][][][][][] 
 []


Overfull \hbox (9.0036pt too wide) in paragraph at lines 1916--1917
[][][][][][][][][][][][][][][][][][][] 
 []

[56] [57]
Overfull \hbox (9.0036pt too wide) in paragraph at lines 1995--1996
[][][][][][][][][][][][][][][][][][][][][] 
 []


Overfull \hbox (9.0036pt too wide) in paragraph at lines 2003--2004
[][][][][][][][][][][][][][][][][][][][][] 
 []


Overfull \hbox (45.00397pt too wide) in paragraph at lines 2019--2020
[][][][][][][][][][][][][][][][][][][][][][][][][][][][][][][][] 
 []


Overfull \hbox (45.00397pt too wide) in paragraph at lines 2023--2024
[][][][][][][][][][][][][][][][][][][][][][][][][][][][][][][][] 
 []


Overfull \hbox (1.72292pt too wide) in paragraph at lines 2030--2031
\OT1/cmr/m/n/10 La pro-gra-maci^^Son din^^Samica con-siste en guardar datos pre-vios para ahor-rar tiempo
 []

[58]
Underfull \hbox (badness 10000) in paragraph at lines 2053--2054

 []

<fibonacci.png, id=1785, 1120.185pt x 597.99883pt>
File: fibonacci.png Graphic file (type png)
<use fibonacci.png>
Package pdftex.def Info: fibonacci.png  used on input line 2061.
(pdftex.def)             Requested size: 245.71425pt x 131.16779pt.
[59 </home/james/Documents/Lions/TorneoLions2019/Manuales/Completo/fibonacci.png>]
Overfull \hbox (105.00458pt too wide) in paragraph at lines 2080--2081
[][][][][][][][][][][][][][][][][][][][][][][][][][][][][][][] 
 []

[60]
Overfull \hbox (27.00378pt too wide) in paragraph at lines 2106--2107
[][][][][][][][][][][][][][][][][][][][][][][][][][][][] 
 []

[61]
Overfull \hbox (69.00421pt too wide) in paragraph at lines 2178--2179
[][][][][][][][][][][][][][][][][][][][][][][][][][][][][][][][][][][][][][][][][] 
 []

[62]
Overfull \hbox (69.00421pt too wide) in paragraph at lines 2183--2184
[][][][][][][][][][][][][][][][][][][][][][][][][][][][][][][][][][][][][][][][][] 
 []


Overfull \hbox (111.00464pt too wide) in paragraph at lines 2221--2222
[][][][][][][][][][][][][][][][][][][][][][][][][][][][][][][][][][] 
 []


Overfull \hbox (21.00372pt too wide) in paragraph at lines 2223--2224
[][][][][][][][][][][][][][][][][][][][][][][][][][] 
 []

[63]
Underfull \hbox (badness 10000) in paragraph at lines 2229--2230

 []

<grafo.png, id=1951, 357.7365pt x 345.08925pt>
File: grafo.png Graphic file (type png)
<use grafo.png>
Package pdftex.def Info: grafo.png  used on input line 2239.
(pdftex.def)             Requested size: 92.14049pt x 88.87859pt.
<expansivo.png, id=1952, 734.44388pt x 747.9945pt>
File: expansivo.png Graphic file (type png)
<use expansivo.png>
Package pdftex.def Info: expansivo.png  used on input line 2256.
(pdftex.def)             Requested size: 153.57375pt x 156.39867pt.
[64 </home/james/Documents/Lions/TorneoLions2019/Manuales/Completo/grafo.png>]
<arbolbinario.png, id=1958, 874.467pt x 731.73375pt>
File: arbolbinario.png Graphic file (type png)
<use arbolbinario.png>
Package pdftex.def Info: arbolbinario.png  used on input line 2261.
(pdftex.def)             Requested size: 184.29036pt x 154.20456pt.
<dirigido.png, id=1959, 315.27788pt x 313.47113pt>
File: dirigido.png Graphic file (type png)
<use dirigido.png>
Package pdftex.def Info: dirigido.png  used on input line 2276.
(pdftex.def)             Requested size: 92.14049pt x 91.6122pt.
 [65 </home/james/Documents/Lions/TorneoLions2019/Manuales/Completo/expansivo.png> </home/james/Documents/Lions/TorneoLions2019/Manuales/Completo/arbolbinario.png>]
<ciudades.png, id=1966, 508.60013pt x 524.86087pt>
File: ciudades.png Graphic file (type png)
<use ciudades.png>
Package pdftex.def Info: ciudades.png  used on input line 2295.
(pdftex.def)             Requested size: 122.85712pt x 126.78607pt.
 [66 </home/james/Documents/Lions/TorneoLions2019/Manuales/Completo/dirigido.png> </home/james/Documents/Lions/TorneoLions2019/Manuales/Completo/ciudades.png>]
File: arbolbinario.png Graphic file (type png)
<use arbolbinario.png>
Package pdftex.def Info: arbolbinario.png  used on input line 2318.
(pdftex.def)             Requested size: 184.29036pt x 154.20456pt.
 [67]
Overfull \hbox (9.0036pt too wide) in paragraph at lines 2334--2335
[][][][][][][][][][][][][][][][][][][][][][][][][][][][][][][][][][] 
 []


Overfull \hbox (9.0036pt too wide) in paragraph at lines 2352--2353
[][][][][][][][][][][][][][][][][][][][][][][][][][][] 
 []


Overfull \hbox (15.00366pt too wide) in paragraph at lines 2362--2363
[][][][][][][][][][][][][][][][][][][][][][][][][][] 
 []


Overfull \hbox (15.00366pt too wide) in paragraph at lines 2369--2370
[][][][][][][][][][][][][][][][][][][][][][][][][][] 
 []

[68]
Overfull \hbox (3.00354pt too wide) in paragraph at lines 2373--2374
[][][][][][][][][][][][][][][][][][][][][][][][][][] 
 []


Overfull \hbox (3.00354pt too wide) in paragraph at lines 2380--2381
[][][][][][][][][][][][][][][][][][][][][][][][][][] 
 []

<lista.png, id=2025, 916.92563pt x 822.07124pt>
File: lista.png Graphic file (type png)
<use lista.png>
Package pdftex.def Info: lista.png  used on input line 2394.
(pdftex.def)             Requested size: 196.57889pt x 176.24011pt.
[69 </home/james/Documents/Lions/TorneoLions2019/Manuales/Completo/lista.png>]
Overfull \hbox (7.445pt too wide) in paragraph at lines 2435--2436
[]\OT1/cmr/m/n/10 Por ejem-plo, si quisier-amos saber si las ra-mas 2 y 3 es-tan conec-ta-dos podr^^S^^Pamos
 []

<dijkstra.png, id=2046, 916.92563pt x 822.07124pt>
File: dijkstra.png Graphic file (type png)
<use dijkstra.png>
Package pdftex.def Info: dijkstra.png  used on input line 2443.
(pdftex.def)             Requested size: 196.57889pt x 176.24011pt.
[70]
<grafo2d.png, id=2052, 636.87938pt x 636.87938pt>
File: grafo2d.png Graphic file (type png)
<use grafo2d.png>
Package pdftex.def Info: grafo2d.png  used on input line 2470.
(pdftex.def)             Requested size: 122.85712pt x 122.85475pt.
 [71 </home/james/Documents/Lions/TorneoLions2019/Manuales/Completo/dijkstra.png> </home/james/Documents/Lions/TorneoLions2019/Manuales/Completo/grafo2d.png>]
<greedy.png, id=2059, 636.87938pt x 636.87938pt>
File: greedy.png Graphic file (type png)
<use greedy.png>
Package pdftex.def Info: greedy.png  used on input line 2489.
(pdftex.def)             Requested size: 122.85712pt x 122.85475pt.
 [72 </home/james/Documents/Lions/TorneoLions2019/Manuales/Completo/greedy.png>]
Overfull \hbox (213.00568pt too wide) in paragraph at lines 2518--2519
[][][][][][][][][][][][][][][][][][][][][][][][][][][][][][] 
 []


Overfull \hbox (27.00378pt too wide) in paragraph at lines 2529--2530
[][][][][][][][][][][][][][][][][][][][][][][][][][][][] 
 []


Overfull \hbox (27.00378pt too wide) in paragraph at lines 2538--2539
[][][][][][][][][][][][][][][][][][][][][][][][][][][][] 
 []


Overfull \hbox (81.00433pt too wide) in paragraph at lines 2545--2546
[][][][][][][][][][][][][][][][][][][][][][][][][][] 
 []

[73]
Underfull \hbox (badness 10000) in paragraph at lines 2560--2561

 []

<greedybueno.png, id=2116, 636.87938pt x 636.87938pt>
File: greedybueno.png Graphic file (type png)
<use greedybueno.png>
Package pdftex.def Info: greedybueno.png  used on input line 2566.
(pdftex.def)             Requested size: 122.85712pt x 122.85475pt.
<greedymalo.png, id=2117, 636.87938pt x 636.87938pt>
File: greedymalo.png Graphic file (type png)
<use greedymalo.png>
Package pdftex.def Info: greedymalo.png  used on input line 2573.
(pdftex.def)             Requested size: 122.85712pt x 122.85475pt.
[74 </home/james/Documents/Lions/TorneoLions2019/Manuales/Completo/greedybueno.png> </home/james/Documents/Lions/TorneoLions2019/Manuales/Completo/greedymalo.png>]
<bfs.png, id=2138, 636.87938pt x 636.87938pt>
File: bfs.png Graphic file (type png)
<use bfs.png>
Package pdftex.def Info: bfs.png  used on input line 2594.
(pdftex.def)             Requested size: 184.29036pt x 184.28214pt.
 [75 </home/james/Documents/Lions/TorneoLions2019/Manuales/Completo/bfs.png>]
<bfscamino.png, id=2145, 636.87938pt x 636.87938pt>
File: bfscamino.png Graphic file (type png)
<use bfscamino.png>
Package pdftex.def Info: bfscamino.png  used on input line 2605.
(pdftex.def)             Requested size: 184.29036pt x 184.28214pt.
 [76 </home/james/Documents/Lions/TorneoLions2019/Manuales/Completo/bfscamino.png>]
Overfull \hbox (351.00708pt too wide) in paragraph at lines 2659--2660
[][][][][][][][][][][][][][][][][][][][][][][][][][][][][][][][][][][][][][][][][][][][] 
 []


Overfull \hbox (129.00482pt too wide) in paragraph at lines 2661--2662
[][][][][][][][][][][][][][][][][][][][][][][][][][][][][][][][][][][][][][][] 
 []

[77]
Overfull \hbox (129.00482pt too wide) in paragraph at lines 2669--2670
[][][][][][][][][][][][][][][][][][][][][][][][][][][][][][][][][][][][][][][] 
 []


Overfull \hbox (129.00482pt too wide) in paragraph at lines 2677--2678
[][][][][][][][][][][][][][][][][][][][][][][][][][][][][][][][][][][][][][][] 
 []


Overfull \hbox (129.00482pt too wide) in paragraph at lines 2685--2686
[][][][][][][][][][][][][][][][][][][][][][][][][][][][][][][][][][][][][][][] 
 []


Overfull \hbox (9.0036pt too wide) in paragraph at lines 2701--2702
[][][][][][][][][][][][][][][][][][][][][][][][][][][][][][][][][] 
 []


Underfull \hbox (badness 10000) in paragraph at lines 2705--2706

 []

[78]
<dfs.png, id=2251, 636.87938pt x 636.87938pt>
File: dfs.png Graphic file (type png)
<use dfs.png>
Package pdftex.def Info: dfs.png  used on input line 2719.
(pdftex.def)             Requested size: 184.29036pt x 184.28214pt.
 [79 </home/james/Documents/Lions/TorneoLions2019/Manuales/Completo/dfs.png>]
Overfull \hbox (351.00708pt too wide) in paragraph at lines 2775--2776
[][][][][][][][][][][][][][][][][][][][][][][][][][][][][][][][][][][][][][][][][][][][] 
 []


Overfull \hbox (129.00482pt too wide) in paragraph at lines 2777--2778
[][][][][][][][][][][][][][][][][][][][][][][][][][][][][][][][][][][][][][][] 
 []

[80]
Overfull \hbox (129.00482pt too wide) in paragraph at lines 2785--2786
[][][][][][][][][][][][][][][][][][][][][][][][][][][][][][][][][][][][][][][] 
 []


Overfull \hbox (129.00482pt too wide) in paragraph at lines 2793--2794
[][][][][][][][][][][][][][][][][][][][][][][][][][][][][][][][][][][][][][][] 
 []


Overfull \hbox (129.00482pt too wide) in paragraph at lines 2801--2802
[][][][][][][][][][][][][][][][][][][][][][][][][][][][][][][][][][][][][][][] 
 []


Overfull \hbox (9.0036pt too wide) in paragraph at lines 2817--2818
[][][][][][][][][][][][][][][][][][][][][][][][][][][][][][][][][] 
 []


Underfull \hbox (badness 10000) in paragraph at lines 2821--2822

 []

[81]
File: dijkstra.png Graphic file (type png)
<use dijkstra.png>
Package pdftex.def Info: dijkstra.png  used on input line 2835.
(pdftex.def)             Requested size: 245.71425pt x 220.29387pt.
<dijkstracamino.png, id=2358, 1035.26775pt x 924.15262pt>
File: dijkstracamino.png Graphic file (type png)
<use dijkstracamino.png>
Package pdftex.def Info: dijkstracamino.png  used on input line 2850.
(pdftex.def)             Requested size: 258.00276pt x 230.3043pt.
 [82] [83 </home/james/Documents/Lions/TorneoLions2019/Manuales/Completo/dijkstracamino.png>]
Overfull \hbox (105.00458pt too wide) in paragraph at lines 2896--2897
[][][][][][][][][][][][][][][][][][][][][][][] 
 []


Overfull \hbox (3.00354pt too wide) in paragraph at lines 2910--2911
[][][][][][][][][][][][][][][][][][][][][][][][][] 
 []


Underfull \hbox (badness 10000) in paragraph at lines 2913--2914

 []

[84]
<astrella.png, id=2430, 636.87938pt x 636.87938pt>
File: astrella.png Graphic file (type png)
<use astrella.png>
Package pdftex.def Info: astrella.png  used on input line 2933.
(pdftex.def)             Requested size: 196.57889pt x 196.57538pt.
 [85 </home/james/Documents/Lions/TorneoLions2019/Manuales/Completo/astrella.png>] [86]
Overfull \hbox (51.00403pt too wide) in paragraph at lines 2984--2985
[][][][][][][][][][][][][][][][][][][] 
 []


Overfull \hbox (63.00415pt too wide) in paragraph at lines 2999--3000
[][][][][][][][][][][][][][][][][][][][][][][][][][][][][][][][][][] 
 []


Overfull \hbox (63.00415pt too wide) in paragraph at lines 3007--3008
[][][][][][][][][][][][][][][][][][][][][][][][][][][][][][][][][][] 
 []


Overfull \hbox (63.00415pt too wide) in paragraph at lines 3015--3016
[][][][][][][][][][][][][][][][][][][][][][][][][][][][][][][][][][] 
 []


Overfull \hbox (63.00415pt too wide) in paragraph at lines 3023--3024
[][][][][][][][][][][][][][][][][][][][][][][][][][][][][][][][][][] 
 []

[87]
Underfull \hbox (badness 10000) in paragraph at lines 3033--3034

 []

Package atveryend Info: Empty hook `BeforeClearDocument' on input line 3037.
[88]
Package atveryend Info: Empty hook `AfterLastShipout' on input line 3037.
 (/home/james/Documents/Lions/TorneoLions2019/Manuales/Completo/manual.aux)
Package atveryend Info: Executing hook `AtVeryEndDocument' on input line 3037.
Package atveryend Info: Executing hook `AtEndAfterFileList' on input line 3037.
Package rerunfilecheck Info: File `manual.out' has not changed.
(rerunfilecheck)             Checksum: A21F48254302616BD6890B38BFA7D8DF;4752.
Package atveryend Info: Empty hook `AtVeryVeryEnd' on input line 3037.
 ) 
Here is how much of TeX's memory you used:
 10359 strings out of 492623
 145855 string characters out of 6135669
 433361 words of memory out of 5000000
 12317 multiletter control sequences out of 15000+600000
 9727 words of font info for 35 fonts, out of 8000000 for 9000
 1141 hyphenation exceptions out of 8191
 34i,8n,60p,924b,1845s stack positions out of 5000i,500n,10000p,200000b,80000s
</usr/share/texmf-dist/fonts/type1/public/amsfonts/cm/cmbx10.pfb></usr/share/texmf-dist/fonts/type1/public/amsfonts/cm/cmbx12.pfb></usr/share/texmf-dist/fonts/type1/public/amsfonts/cm/cmex10.pfb></usr/share/texmf-dist/fonts/type1/public/amsfonts/cm/cmmi10.pfb></usr/share/texmf-dist/fonts/type1/public/amsfonts/cm/cmmi7.pfb></usr/share/texmf-dist/fonts/type1/public/amsfonts/cm/cmmib10.pfb></usr/share/texmf-dist/fonts/type1/public/amsfonts/cm/cmr10.pfb></usr/share/texmf-dist/fonts/type1/public/amsfonts/cm/cmr12.pfb></usr/share/texmf-dist/fonts/type1/public/amsfonts/cm/cmr17.pfb></usr/share/texmf-dist/fonts/type1/public/amsfonts/cm/cmr7.pfb></usr/share/texmf-dist/fonts/type1/public/amsfonts/cm/cmsy10.pfb></usr/share/texmf-dist/fonts/type1/public/amsfonts/cm/cmsy7.pfb></usr/share/texmf-dist/fonts/type1/public/amsfonts/cm/cmti10.pfb>
Output written on /home/james/Documents/Lions/TorneoLions2019/Manuales/Completo/manual.pdf (88 pages, 1679107 bytes).
PDF statistics:
 2964 PDF objects out of 2984 (max. 8388607)
 2779 compressed objects within 28 object streams
 1840 named destinations out of 2073 (max. 500000)
 730 words of extra memory for PDF output out of 10000 (max. 10000000)

