601
123
224
93
211
665
599
503
345
568
632
974
309
937
241
78
450
564
835
266
792
619
427
557
222
461
139
881
932
864
74
200
978
940
931
840
594
535
990
958
773
615
569
88
218
456
807
675
682
617
578
470
905
24
44
130
140
838
5
726
696
80
914
671
664
488
162
273
685
147
880
111
410
445
185
625
551
629
955
254
910
192
730
829
215
407
586
344
251
588
69
936
327
621
264
988
779
405
903
451
206
422
552
609
525
391
901
103
681
504
342
249
700
727
718
544
137
311
541
374
545
272
968
886
899
234
517
328
296
77
429
151
499
640
406
36
694
319
785
367
469
133
269
171
491
983
735
620
299
287
656
854
204
280
376
757
161
537
84
438
604
509
239
774
164
641
813
493
965
240
879
94
17
150
260
505
777
627
143
65
555
443
547
775
731
582
521
884
144
592
972
760
763
210
182
559
858
989
76
463
228
584
542
243
381
453
386
165
99
181
871
312
618
91
90
3
677
261
523
822
507
497
233
278
349
400
487
860
49
217
331
917
447
528
808
483
637
199
645
382
370
172
703
649
257
425
655
567
688
191
388
201
335
271
127
695
680
265
540
365
475
527
297
574
724
748
83
358
935
368
392
964
536
106
606
444
524
930
29
868
126
72
67
112
336
841
805
22
107
6
42
232
187
332
814
902
79
526
916
653
908
317
613
448
64
893
539
248
828
571
121
581
644
833
337
992
663
795
652
404
798
701
292
616
678
749
179
393
283
102
63
190
62
333
300
776
872
853
18
338
86
781
566
740
591
921
361
915
710
30
330
157
366
600
784
702
353
956
110
291
704
815
473
401
796
411
180
662
270
847
7
995
605
237
733
225
155
750
142
859
413
124
9
800
371
428
489
380
40
252
672
747
60
803
804
484
219
980
163
135
467
817
132
97
43
498
963
193
253
756
698
669
867
346
117
250
426
258
623
462
495
953
214
202
755
12
699
966
631
500
753
115
313
878
851
2
28
820
844
275
549
531
577
85
530
697
973
975
949
255
437
104
209
306
303
954
961
997
561
587
494
324
347
454
843
852
458
866
657
307
790
874
490
362
951
37
719
558
650
667
830
105
759
31
55
716
626
15
711
207
262
857
170
596
320
654
449
423
174
768
745
957
633
887
977
245
920
690
816
565
4
624
326
765
310
364
474
942
379
839
801
636
687
598
896
647
277
8
92
440
414
464
58
715
348
32
948
924
360
396
148
363
686
122
791
638
482
906
580
518
384
34
819
732
639
351
373
553
16
118
658
431
235
721
152
573
387
746
158
761
799
938
788
478
59
220
129
533
131
357
717
516
385
519
247
684
522
274
895
532
375
546
976
597
925
767
846
323
502
635
737
304
572
167
424
630
369
208
832
160
556
529
321
595
712
212
941
889
477
845
416
506
57
52
772
982
455
263
945
970
898
673
919
481
480
996
771
861
205
585
659
412
786
979
33
138
189
608
26
316
457
101
831
515
797
246
149
259
496
95
875
53
762
434
183
894
433
950
758
293
198
66
713
614
45
378
402
238
10
89
196
125
176
20
286
969
904
417
876
397
512
752
446
926
186
290
826
611
244
230
909
87
295
268
709
985
648
764
862
308
850
61
419
670
81
714
294
984
789
168
38
944
907
145
870
100
420
334
359
315
213
927
389
154
195
754
134
492
513
994
812
355
56
885
35
778
242
325
394
23
136
435
962
47
236
479
793
651
459
810
607
679
736
19
834
562
766
960
722
928
590
169
934
646
54
971
418
289
939
476
952
82
918
550
769
802
48
543
108
511
354
728
842
744
743
318
959
159
279
676
734
883
848
666
177
534
628
256
836
227
739
787
302
301
341
68
98
41
276
194
203
284
913
692
668
305
11
612
109
288
947
837
818
436
486
991
987
782
892
452
998
610
891
946
923
890
660
14
563
933
856
783
216
770
460
882
725
128
156
827
399
751
642
869
188
146
501
825
922
390
285
554
21
823
510
576
708
175
583
281
113
442
706
967
865
824
485
575
943
298
395
0
39
707
514
226
849
25
691
403
70
602
981
741
432
141
322
794
314
912
720
73
13
408
683
520
888
178
114
472
468
166
471
508
863
634
377
350
661
75
409
372
689
46
120
780
184
421
548
153
993
282
221
643
340
900
173
877
738
929
343
855
96
466
356
589
119
383
593
415
116
27
806
441
71
911
223
897
339
430
51
986
352
267
622
705
821
811
229
197
742
560
50
465
693
398
729
809
439
329
231
538
999
674
1
723
579
873
603
570
